This is pdfTeX, Version 3.14159265-2.6-1.40.19 (MiKTeX 2.9.6745) (preloaded format=pdflatex 2018.8.24)  10 JAN 2019 13:51
entering extended mode
**"./Server Set ups.tex"
("Server Set ups.tex"
LaTeX2e <2018-04-01> patch level 5

(C:\Users\adam.rees\Documents\Programs\MikTex\texmfs\install\tex\latex\base\rep
ort.cls
Document Class: report 2014/09/29 v1.4h Standard LaTeX document class

(C:\Users\adam.rees\Documents\Programs\MikTex\texmfs\install\tex\latex\base\siz
e11.clo
File: size11.clo 2014/09/29 v1.4h Standard LaTeX file (size option)
)
\c@part=\count80
\c@chapter=\count81
\c@section=\count82
\c@subsection=\count83
\c@subsubsection=\count84
\c@paragraph=\count85
\c@subparagraph=\count86
\c@figure=\count87
\c@table=\count88
\abovecaptionskip=\skip41
\belowcaptionskip=\skip42
\bibindent=\dimen102
) (supportfiles/setup.tex
(C:\Users\adam.rees\Documents\Programs\MikTex\texmfs\install\tex\latex\graphics
\graphicx.sty
Package: graphicx 2017/06/01 v1.1a Enhanced LaTeX Graphics (DPC,SPQR)

(C:\Users\adam.rees\Documents\Programs\MikTex\texmfs\install\tex\latex\graphics
\keyval.sty
Package: keyval 2014/10/28 v1.15 key=value parser (DPC)
\KV@toks@=\toks14
)
(C:\Users\adam.rees\Documents\Programs\MikTex\texmfs\install\tex\latex\graphics
\graphics.sty
Package: graphics 2017/06/25 v1.2c Standard LaTeX Graphics (DPC,SPQR)

(C:\Users\adam.rees\Documents\Programs\MikTex\texmfs\install\tex\latex\graphics
\trig.sty
Package: trig 2016/01/03 v1.10 sin cos tan (DPC)
)
(C:\Users\adam.rees\Documents\Programs\MikTex\texmfs\install\tex\latex\graphics
-cfg\graphics.cfg
File: graphics.cfg 2016/06/04 v1.11 sample graphics configuration
)
Package graphics Info: Driver file: pdftex.def on input line 99.

(C:\Users\adam.rees\Documents\Programs\MikTex\texmfs\install\tex\latex\graphics
-def\pdftex.def
File: pdftex.def 2018/01/08 v1.0l Graphics/color driver for pdftex
))
\Gin@req@height=\dimen103
\Gin@req@width=\dimen104
)
(C:\Users\adam.rees\Documents\Programs\MikTex\texmfs\install\tex\latex\geometry
\geometry.sty
Package: geometry 2018/04/16 v5.8 Page Geometry

(C:\Users\adam.rees\Documents\Programs\MikTex\texmfs\install\tex\generic\oberdi
ek\ifpdf.sty
Package: ifpdf 2017/03/15 v3.2 Provides the ifpdf switch
)
(C:\Users\adam.rees\Documents\Programs\MikTex\texmfs\install\tex\generic\oberdi
ek\ifvtex.sty
Package: ifvtex 2016/05/16 v1.6 Detect VTeX and its facilities (HO)
Package ifvtex Info: VTeX not detected.
)
(C:\Users\adam.rees\Documents\Programs\MikTex\texmfs\install\tex\generic\ifxete
x\ifxetex.sty
Package: ifxetex 2010/09/12 v0.6 Provides ifxetex conditional
)
\Gm@cnth=\count89
\Gm@cntv=\count90
\c@Gm@tempcnt=\count91
\Gm@bindingoffset=\dimen105
\Gm@wd@mp=\dimen106
\Gm@odd@mp=\dimen107
\Gm@even@mp=\dimen108
\Gm@layoutwidth=\dimen109
\Gm@layoutheight=\dimen110
\Gm@layouthoffset=\dimen111
\Gm@layoutvoffset=\dimen112
\Gm@dimlist=\toks15

(C:\Users\adam.rees\Documents\Programs\MikTex\texmfs\install\tex\latex\geometry
\geometry.cfg))
(C:\Users\adam.rees\Documents\Programs\MikTex\texmfs\install\tex\latex\amsfonts
\amssymb.sty
Package: amssymb 2013/01/14 v3.01 AMS font symbols

(C:\Users\adam.rees\Documents\Programs\MikTex\texmfs\install\tex\latex\amsfonts
\amsfonts.sty
Package: amsfonts 2013/01/14 v3.01 Basic AMSFonts support
\@emptytoks=\toks16
\symAMSa=\mathgroup4
\symAMSb=\mathgroup5
LaTeX Font Info:    Overwriting math alphabet `\mathfrak' in version `bold'
(Font)                  U/euf/m/n --> U/euf/b/n on input line 106.
))
(C:\Users\adam.rees\Documents\Programs\MikTex\texmfs\install\tex\latex\setspace
\setspace.sty
Package: setspace 2011/12/19 v6.7a set line spacing
)
(C:\Users\adam.rees\Documents\Programs\MikTex\texmfs\install\tex\latex\hyperref
\hyperref.sty
Package: hyperref 2018/02/06 v6.86b Hypertext links for LaTeX

(C:\Users\adam.rees\Documents\Programs\MikTex\texmfs\install\tex\generic\oberdi
ek\hobsub-hyperref.sty
Package: hobsub-hyperref 2016/05/16 v1.14 Bundle oberdiek, subset hyperref (HO)


(C:\Users\adam.rees\Documents\Programs\MikTex\texmfs\install\tex\generic\oberdi
ek\hobsub-generic.sty
Package: hobsub-generic 2016/05/16 v1.14 Bundle oberdiek, subset generic (HO)
Package: hobsub 2016/05/16 v1.14 Construct package bundles (HO)
Package: infwarerr 2016/05/16 v1.4 Providing info/warning/error messages (HO)
Package: ltxcmds 2016/05/16 v1.23 LaTeX kernel commands for general use (HO)
Package: ifluatex 2016/05/16 v1.4 Provides the ifluatex switch (HO)
Package ifluatex Info: LuaTeX not detected.
Package hobsub Info: Skipping package `ifvtex' (already loaded).
Package: intcalc 2016/05/16 v1.2 Expandable calculations with integers (HO)
Package hobsub Info: Skipping package `ifpdf' (already loaded).
Package: etexcmds 2016/05/16 v1.6 Avoid name clashes with e-TeX commands (HO)
Package etexcmds Info: Could not find \expanded.
(etexcmds)             That can mean that you are not using pdfTeX 1.50 or
(etexcmds)             that some package has redefined \expanded.
(etexcmds)             In the latter case, load this package earlier.
Package: kvsetkeys 2016/05/16 v1.17 Key value parser (HO)
Package: kvdefinekeys 2016/05/16 v1.4 Define keys (HO)
Package: pdftexcmds 2018/01/30 v0.27 Utility functions of pdfTeX for LuaTeX (HO
)
Package pdftexcmds Info: LuaTeX not detected.
Package pdftexcmds Info: \pdf@primitive is available.
Package pdftexcmds Info: \pdf@ifprimitive is available.
Package pdftexcmds Info: \pdfdraftmode found.
Package: pdfescape 2016/05/16 v1.14 Implements pdfTeX's escape features (HO)
Package: bigintcalc 2016/05/16 v1.4 Expandable calculations on big integers (HO
)
Package: bitset 2016/05/16 v1.2 Handle bit-vector datatype (HO)
Package: uniquecounter 2016/05/16 v1.3 Provide unlimited unique counter (HO)
)
Package hobsub Info: Skipping package `hobsub' (already loaded).
Package: letltxmacro 2016/05/16 v1.5 Let assignment for LaTeX macros (HO)
Package: hopatch 2016/05/16 v1.3 Wrapper for package hooks (HO)
Package: xcolor-patch 2016/05/16 xcolor patch
Package: atveryend 2016/05/16 v1.9 Hooks at the very end of document (HO)
Package atveryend Info: \enddocument detected (standard20110627).
Package: atbegshi 2016/06/09 v1.18 At begin shipout hook (HO)
Package: refcount 2016/05/16 v3.5 Data extraction from label references (HO)
Package: hycolor 2016/05/16 v1.8 Color options for hyperref/bookmark (HO)
)
(C:\Users\adam.rees\Documents\Programs\MikTex\texmfs\install\tex\latex\oberdiek
\auxhook.sty
Package: auxhook 2016/05/16 v1.4 Hooks for auxiliary files (HO)
)
(C:\Users\adam.rees\Documents\Programs\MikTex\texmfs\install\tex\latex\oberdiek
\kvoptions.sty
Package: kvoptions 2016/05/16 v3.12 Key value format for package options (HO)
)
\@linkdim=\dimen113
\Hy@linkcounter=\count92
\Hy@pagecounter=\count93

(C:\Users\adam.rees\Documents\Programs\MikTex\texmfs\install\tex\latex\hyperref
\pd1enc.def
File: pd1enc.def 2018/02/06 v6.86b Hyperref: PDFDocEncoding definition (HO)
Now handling font encoding PD1 ...
... no UTF-8 mapping file for font encoding PD1
)
\Hy@SavedSpaceFactor=\count94

(C:\Users\adam.rees\Documents\Programs\MikTex\texmfs\install\tex\latex\00miktex
\hyperref.cfg
File: hyperref.cfg 2002/06/06 v1.2 hyperref configuration of TeXLive
)
Package hyperref Info: Option `final' set `true' on input line 4383.
Package hyperref Info: Hyper figures OFF on input line 4509.
Package hyperref Info: Link nesting OFF on input line 4514.
Package hyperref Info: Hyper index ON on input line 4517.
Package hyperref Info: Plain pages OFF on input line 4524.
Package hyperref Info: Backreferencing OFF on input line 4529.
Package hyperref Info: Implicit mode ON; LaTeX internals redefined.
Package hyperref Info: Bookmarks ON on input line 4762.
\c@Hy@tempcnt=\count95

(C:\Users\adam.rees\Documents\Programs\MikTex\texmfs\install\tex\latex\url\url.
sty
\Urlmuskip=\muskip10
Package: url 2013/09/16  ver 3.4  Verb mode for urls, etc.
)
LaTeX Info: Redefining \url on input line 5115.
\XeTeXLinkMargin=\dimen114
\Fld@menulength=\count96
\Field@Width=\dimen115
\Fld@charsize=\dimen116
Package hyperref Info: Hyper figures OFF on input line 6369.
Package hyperref Info: Link nesting OFF on input line 6374.
Package hyperref Info: Hyper index ON on input line 6377.
Package hyperref Info: backreferencing OFF on input line 6384.
Package hyperref Info: Link coloring OFF on input line 6389.
Package hyperref Info: Link coloring with OCG OFF on input line 6394.
Package hyperref Info: PDF/A mode OFF on input line 6399.
LaTeX Info: Redefining \ref on input line 6439.
LaTeX Info: Redefining \pageref on input line 6443.
\Hy@abspage=\count97
\c@Item=\count98
\c@Hfootnote=\count99
)
Package hyperref Info: Driver (autodetected): hpdftex.

(C:\Users\adam.rees\Documents\Programs\MikTex\texmfs\install\tex\latex\hyperref
\hpdftex.def
File: hpdftex.def 2018/02/06 v6.86b Hyperref driver for pdfTeX
\Fld@listcount=\count100
\c@bookmark@seq@number=\count101

(C:\Users\adam.rees\Documents\Programs\MikTex\texmfs\install\tex\latex\oberdiek
\rerunfilecheck.sty
Package: rerunfilecheck 2016/05/16 v1.8 Rerun checks for auxiliary files (HO)
Package uniquecounter Info: New unique counter `rerunfilecheck' on input line 2
82.
)
\Hy@SectionHShift=\skip43
)
(C:\Users\adam.rees\Documents\Programs\MikTex\texmfs\install\tex\latex\todonote
s\todonotes.sty
Package: todonotes 2015/07/09 .dtx Todonotes source and documentation.
Package: todonotes 2012/07/25

(C:\Users\adam.rees\Documents\Programs\MikTex\texmfs\install\tex\latex\base\ift
hen.sty
Package: ifthen 2014/09/29 v1.1c Standard LaTeX ifthen package (DPC)
)
(C:\Users\adam.rees\Documents\Programs\MikTex\texmfs\install\tex\latex\xkeyval\
xkeyval.sty
Package: xkeyval 2014/12/03 v2.7a package option processing (HA)

(C:\Users\adam.rees\Documents\Programs\MikTex\texmfs\install\tex\generic\xkeyva
l\xkeyval.tex
(C:\Users\adam.rees\Documents\Programs\MikTex\texmfs\install\tex\generic\xkeyva
l\xkvutils.tex
\XKV@toks=\toks17
\XKV@tempa@toks=\toks18
)
\XKV@depth=\count102
File: xkeyval.tex 2014/12/03 v2.7a key=value parser (HA)
))
(C:\Users\adam.rees\Documents\Programs\MikTex\texmfs\install\tex\latex\xcolor\x
color.sty
Package: xcolor 2016/05/11 v2.12 LaTeX color extensions (UK)

(C:\Users\adam.rees\Documents\Programs\MikTex\texmfs\install\tex\latex\graphics
-cfg\color.cfg
File: color.cfg 2016/01/02 v1.6 sample color configuration
)
Package xcolor Info: Driver file: pdftex.def on input line 225.
Package xcolor Info: Model `cmy' substituted by `cmy0' on input line 1348.
Package xcolor Info: Model `hsb' substituted by `rgb' on input line 1352.
Package xcolor Info: Model `RGB' extended on input line 1364.
Package xcolor Info: Model `HTML' substituted by `rgb' on input line 1366.
Package xcolor Info: Model `Hsb' substituted by `hsb' on input line 1367.
Package xcolor Info: Model `tHsb' substituted by `hsb' on input line 1368.
Package xcolor Info: Model `HSB' substituted by `hsb' on input line 1369.
Package xcolor Info: Model `Gray' substituted by `gray' on input line 1370.
Package xcolor Info: Model `wave' substituted by `hsb' on input line 1371.
)
(C:\Users\adam.rees\Documents\Programs\MikTex\texmfs\install\tex\latex\pgf\fron
tendlayer\tikz.sty
(C:\Users\adam.rees\Documents\Programs\MikTex\texmfs\install\tex\latex\pgf\basi
clayer\pgf.sty
(C:\Users\adam.rees\Documents\Programs\MikTex\texmfs\install\tex\latex\pgf\util
ities\pgfrcs.sty
(C:\Users\adam.rees\Documents\Programs\MikTex\texmfs\install\tex\generic\pgf\ut
ilities\pgfutil-common.tex
\pgfutil@everybye=\toks19
\pgfutil@tempdima=\dimen117
\pgfutil@tempdimb=\dimen118

(C:\Users\adam.rees\Documents\Programs\MikTex\texmfs\install\tex\generic\pgf\ut
ilities\pgfutil-common-lists.tex))
(C:\Users\adam.rees\Documents\Programs\MikTex\texmfs\install\tex\generic\pgf\ut
ilities\pgfutil-latex.def
\pgfutil@abb=\box26

(C:\Users\adam.rees\Documents\Programs\MikTex\texmfs\install\tex\latex\ms\every
shi.sty
Package: everyshi 2001/05/15 v3.00 EveryShipout Package (MS)
))
(C:\Users\adam.rees\Documents\Programs\MikTex\texmfs\install\tex\generic\pgf\ut
ilities\pgfrcs.code.tex
Package: pgfrcs 2015/08/07 v3.0.1a (rcs-revision 1.31)
))
Package: pgf 2015/08/07 v3.0.1a (rcs-revision 1.15)

(C:\Users\adam.rees\Documents\Programs\MikTex\texmfs\install\tex\latex\pgf\basi
clayer\pgfcore.sty
(C:\Users\adam.rees\Documents\Programs\MikTex\texmfs\install\tex\latex\pgf\syst
emlayer\pgfsys.sty
(C:\Users\adam.rees\Documents\Programs\MikTex\texmfs\install\tex\generic\pgf\sy
stemlayer\pgfsys.code.tex
Package: pgfsys 2014/07/09 v3.0.1a (rcs-revision 1.48)

(C:\Users\adam.rees\Documents\Programs\MikTex\texmfs\install\tex\generic\pgf\ut
ilities\pgfkeys.code.tex
\pgfkeys@pathtoks=\toks20
\pgfkeys@temptoks=\toks21

(C:\Users\adam.rees\Documents\Programs\MikTex\texmfs\install\tex\generic\pgf\ut
ilities\pgfkeysfiltered.code.tex
\pgfkeys@tmptoks=\toks22
))
\pgf@x=\dimen119
\pgf@y=\dimen120
\pgf@xa=\dimen121
\pgf@ya=\dimen122
\pgf@xb=\dimen123
\pgf@yb=\dimen124
\pgf@xc=\dimen125
\pgf@yc=\dimen126
\w@pgf@writea=\write3
\r@pgf@reada=\read1
\c@pgf@counta=\count103
\c@pgf@countb=\count104
\c@pgf@countc=\count105
\c@pgf@countd=\count106
\t@pgf@toka=\toks23
\t@pgf@tokb=\toks24
\t@pgf@tokc=\toks25

(C:\Users\adam.rees\Documents\Programs\MikTex\texmfs\install\tex\generic\pgf\sy
stemlayer\pgf.cfg
File: pgf.cfg 2008/05/14  (rcs-revision 1.7)
)
Driver file for pgf: pgfsys-pdftex.def

(C:\Users\adam.rees\Documents\Programs\MikTex\texmfs\install\tex\generic\pgf\sy
stemlayer\pgfsys-pdftex.def
File: pgfsys-pdftex.def 2014/10/11  (rcs-revision 1.35)

(C:\Users\adam.rees\Documents\Programs\MikTex\texmfs\install\tex\generic\pgf\sy
stemlayer\pgfsys-common-pdf.def
File: pgfsys-common-pdf.def 2013/10/10  (rcs-revision 1.13)
)))
(C:\Users\adam.rees\Documents\Programs\MikTex\texmfs\install\tex\generic\pgf\sy
stemlayer\pgfsyssoftpath.code.tex
File: pgfsyssoftpath.code.tex 2013/09/09  (rcs-revision 1.9)
\pgfsyssoftpath@smallbuffer@items=\count107
\pgfsyssoftpath@bigbuffer@items=\count108
)
(C:\Users\adam.rees\Documents\Programs\MikTex\texmfs\install\tex\generic\pgf\sy
stemlayer\pgfsysprotocol.code.tex
File: pgfsysprotocol.code.tex 2006/10/16  (rcs-revision 1.4)
))
(C:\Users\adam.rees\Documents\Programs\MikTex\texmfs\install\tex\generic\pgf\ba
siclayer\pgfcore.code.tex
Package: pgfcore 2010/04/11 v3.0.1a (rcs-revision 1.7)

(C:\Users\adam.rees\Documents\Programs\MikTex\texmfs\install\tex\generic\pgf\ma
th\pgfmath.code.tex
(C:\Users\adam.rees\Documents\Programs\MikTex\texmfs\install\tex\generic\pgf\ma
th\pgfmathcalc.code.tex
(C:\Users\adam.rees\Documents\Programs\MikTex\texmfs\install\tex\generic\pgf\ma
th\pgfmathutil.code.tex)
(C:\Users\adam.rees\Documents\Programs\MikTex\texmfs\install\tex\generic\pgf\ma
th\pgfmathparser.code.tex
\pgfmath@dimen=\dimen127
\pgfmath@count=\count109
\pgfmath@box=\box27
\pgfmath@toks=\toks26
\pgfmath@stack@operand=\toks27
\pgfmath@stack@operation=\toks28
)
(C:\Users\adam.rees\Documents\Programs\MikTex\texmfs\install\tex\generic\pgf\ma
th\pgfmathfunctions.code.tex
(C:\Users\adam.rees\Documents\Programs\MikTex\texmfs\install\tex\generic\pgf\ma
th\pgfmathfunctions.basic.code.tex)
(C:\Users\adam.rees\Documents\Programs\MikTex\texmfs\install\tex\generic\pgf\ma
th\pgfmathfunctions.trigonometric.code.tex)
(C:\Users\adam.rees\Documents\Programs\MikTex\texmfs\install\tex\generic\pgf\ma
th\pgfmathfunctions.random.code.tex)
(C:\Users\adam.rees\Documents\Programs\MikTex\texmfs\install\tex\generic\pgf\ma
th\pgfmathfunctions.comparison.code.tex)
(C:\Users\adam.rees\Documents\Programs\MikTex\texmfs\install\tex\generic\pgf\ma
th\pgfmathfunctions.base.code.tex)
(C:\Users\adam.rees\Documents\Programs\MikTex\texmfs\install\tex\generic\pgf\ma
th\pgfmathfunctions.round.code.tex)
(C:\Users\adam.rees\Documents\Programs\MikTex\texmfs\install\tex\generic\pgf\ma
th\pgfmathfunctions.misc.code.tex)
(C:\Users\adam.rees\Documents\Programs\MikTex\texmfs\install\tex\generic\pgf\ma
th\pgfmathfunctions.integerarithmetics.code.tex)))
(C:\Users\adam.rees\Documents\Programs\MikTex\texmfs\install\tex\generic\pgf\ma
th\pgfmathfloat.code.tex
\c@pgfmathroundto@lastzeros=\count110
))
(C:\Users\adam.rees\Documents\Programs\MikTex\texmfs\install\tex\generic\pgf\ba
siclayer\pgfcorepoints.code.tex
File: pgfcorepoints.code.tex 2013/10/07  (rcs-revision 1.27)
\pgf@picminx=\dimen128
\pgf@picmaxx=\dimen129
\pgf@picminy=\dimen130
\pgf@picmaxy=\dimen131
\pgf@pathminx=\dimen132
\pgf@pathmaxx=\dimen133
\pgf@pathminy=\dimen134
\pgf@pathmaxy=\dimen135
\pgf@xx=\dimen136
\pgf@xy=\dimen137
\pgf@yx=\dimen138
\pgf@yy=\dimen139
\pgf@zx=\dimen140
\pgf@zy=\dimen141
)
(C:\Users\adam.rees\Documents\Programs\MikTex\texmfs\install\tex\generic\pgf\ba
siclayer\pgfcorepathconstruct.code.tex
File: pgfcorepathconstruct.code.tex 2013/10/07  (rcs-revision 1.29)
\pgf@path@lastx=\dimen142
\pgf@path@lasty=\dimen143
)
(C:\Users\adam.rees\Documents\Programs\MikTex\texmfs\install\tex\generic\pgf\ba
siclayer\pgfcorepathusage.code.tex
File: pgfcorepathusage.code.tex 2014/11/02  (rcs-revision 1.24)
\pgf@shorten@end@additional=\dimen144
\pgf@shorten@start@additional=\dimen145
)
(C:\Users\adam.rees\Documents\Programs\MikTex\texmfs\install\tex\generic\pgf\ba
siclayer\pgfcorescopes.code.tex
File: pgfcorescopes.code.tex 2015/05/08  (rcs-revision 1.46)
\pgfpic=\box28
\pgf@hbox=\box29
\pgf@layerbox@main=\box30
\pgf@picture@serial@count=\count111
)
(C:\Users\adam.rees\Documents\Programs\MikTex\texmfs\install\tex\generic\pgf\ba
siclayer\pgfcoregraphicstate.code.tex
File: pgfcoregraphicstate.code.tex 2014/11/02  (rcs-revision 1.12)
\pgflinewidth=\dimen146
)
(C:\Users\adam.rees\Documents\Programs\MikTex\texmfs\install\tex\generic\pgf\ba
siclayer\pgfcoretransformations.code.tex
File: pgfcoretransformations.code.tex 2015/08/07  (rcs-revision 1.20)
\pgf@pt@x=\dimen147
\pgf@pt@y=\dimen148
\pgf@pt@temp=\dimen149
)
(C:\Users\adam.rees\Documents\Programs\MikTex\texmfs\install\tex\generic\pgf\ba
siclayer\pgfcorequick.code.tex
File: pgfcorequick.code.tex 2008/10/09  (rcs-revision 1.3)
)
(C:\Users\adam.rees\Documents\Programs\MikTex\texmfs\install\tex\generic\pgf\ba
siclayer\pgfcoreobjects.code.tex
File: pgfcoreobjects.code.tex 2006/10/11  (rcs-revision 1.2)
)
(C:\Users\adam.rees\Documents\Programs\MikTex\texmfs\install\tex\generic\pgf\ba
siclayer\pgfcorepathprocessing.code.tex
File: pgfcorepathprocessing.code.tex 2013/09/09  (rcs-revision 1.9)
)
(C:\Users\adam.rees\Documents\Programs\MikTex\texmfs\install\tex\generic\pgf\ba
siclayer\pgfcorearrows.code.tex
File: pgfcorearrows.code.tex 2015/05/14  (rcs-revision 1.43)
\pgfarrowsep=\dimen150
)
(C:\Users\adam.rees\Documents\Programs\MikTex\texmfs\install\tex\generic\pgf\ba
siclayer\pgfcoreshade.code.tex
File: pgfcoreshade.code.tex 2013/07/15  (rcs-revision 1.15)
\pgf@max=\dimen151
\pgf@sys@shading@range@num=\count112
)
(C:\Users\adam.rees\Documents\Programs\MikTex\texmfs\install\tex\generic\pgf\ba
siclayer\pgfcoreimage.code.tex
File: pgfcoreimage.code.tex 2013/07/15  (rcs-revision 1.18)

(C:\Users\adam.rees\Documents\Programs\MikTex\texmfs\install\tex\generic\pgf\ba
siclayer\pgfcoreexternal.code.tex
File: pgfcoreexternal.code.tex 2014/07/09  (rcs-revision 1.21)
\pgfexternal@startupbox=\box31
))
(C:\Users\adam.rees\Documents\Programs\MikTex\texmfs\install\tex\generic\pgf\ba
siclayer\pgfcorelayers.code.tex
File: pgfcorelayers.code.tex 2013/07/18  (rcs-revision 1.7)
)
(C:\Users\adam.rees\Documents\Programs\MikTex\texmfs\install\tex\generic\pgf\ba
siclayer\pgfcoretransparency.code.tex
File: pgfcoretransparency.code.tex 2013/09/30  (rcs-revision 1.5)
)
(C:\Users\adam.rees\Documents\Programs\MikTex\texmfs\install\tex\generic\pgf\ba
siclayer\pgfcorepatterns.code.tex
File: pgfcorepatterns.code.tex 2013/11/07  (rcs-revision 1.5)
)))
(C:\Users\adam.rees\Documents\Programs\MikTex\texmfs\install\tex\generic\pgf\mo
dules\pgfmoduleshapes.code.tex
File: pgfmoduleshapes.code.tex 2014/03/21  (rcs-revision 1.35)
\pgfnodeparttextbox=\box32
)
(C:\Users\adam.rees\Documents\Programs\MikTex\texmfs\install\tex\generic\pgf\mo
dules\pgfmoduleplot.code.tex
File: pgfmoduleplot.code.tex 2015/08/03  (rcs-revision 1.13)
)
(C:\Users\adam.rees\Documents\Programs\MikTex\texmfs\install\tex\latex\pgf\comp
atibility\pgfcomp-version-0-65.sty
Package: pgfcomp-version-0-65 2007/07/03 v3.0.1a (rcs-revision 1.7)
\pgf@nodesepstart=\dimen152
\pgf@nodesepend=\dimen153
)
(C:\Users\adam.rees\Documents\Programs\MikTex\texmfs\install\tex\latex\pgf\comp
atibility\pgfcomp-version-1-18.sty
Package: pgfcomp-version-1-18 2007/07/23 v3.0.1a (rcs-revision 1.1)
))
(C:\Users\adam.rees\Documents\Programs\MikTex\texmfs\install\tex\latex\pgf\util
ities\pgffor.sty
(C:\Users\adam.rees\Documents\Programs\MikTex\texmfs\install\tex\latex\pgf\util
ities\pgfkeys.sty
(C:\Users\adam.rees\Documents\Programs\MikTex\texmfs\install\tex\generic\pgf\ut
ilities\pgfkeys.code.tex))
(C:\Users\adam.rees\Documents\Programs\MikTex\texmfs\install\tex\latex\pgf\math
\pgfmath.sty
(C:\Users\adam.rees\Documents\Programs\MikTex\texmfs\install\tex\generic\pgf\ma
th\pgfmath.code.tex))
(C:\Users\adam.rees\Documents\Programs\MikTex\texmfs\install\tex\generic\pgf\ut
ilities\pgffor.code.tex
Package: pgffor 2013/12/13 v3.0.1a (rcs-revision 1.25)

(C:\Users\adam.rees\Documents\Programs\MikTex\texmfs\install\tex\generic\pgf\ma
th\pgfmath.code.tex)
\pgffor@iter=\dimen154
\pgffor@skip=\dimen155
\pgffor@stack=\toks29
\pgffor@toks=\toks30
))
(C:\Users\adam.rees\Documents\Programs\MikTex\texmfs\install\tex\generic\pgf\fr
ontendlayer\tikz\tikz.code.tex
Package: tikz 2015/08/07 v3.0.1a (rcs-revision 1.151)

(C:\Users\adam.rees\Documents\Programs\MikTex\texmfs\install\tex\generic\pgf\li
braries\pgflibraryplothandlers.code.tex
File: pgflibraryplothandlers.code.tex 2013/08/31 v3.0.1a (rcs-revision 1.20)
\pgf@plot@mark@count=\count113
\pgfplotmarksize=\dimen156
)
\tikz@lastx=\dimen157
\tikz@lasty=\dimen158
\tikz@lastxsaved=\dimen159
\tikz@lastysaved=\dimen160
\tikzleveldistance=\dimen161
\tikzsiblingdistance=\dimen162
\tikz@figbox=\box33
\tikz@figbox@bg=\box34
\tikz@tempbox=\box35
\tikz@tempbox@bg=\box36
\tikztreelevel=\count114
\tikznumberofchildren=\count115
\tikznumberofcurrentchild=\count116
\tikz@fig@count=\count117

(C:\Users\adam.rees\Documents\Programs\MikTex\texmfs\install\tex\generic\pgf\mo
dules\pgfmodulematrix.code.tex
File: pgfmodulematrix.code.tex 2013/09/17  (rcs-revision 1.8)
\pgfmatrixcurrentrow=\count118
\pgfmatrixcurrentcolumn=\count119
\pgf@matrix@numberofcolumns=\count120
)
\tikz@expandcount=\count121

(C:\Users\adam.rees\Documents\Programs\MikTex\texmfs\install\tex\generic\pgf\fr
ontendlayer\tikz\libraries\tikzlibrarytopaths.code.tex
File: tikzlibrarytopaths.code.tex 2008/06/17 v3.0.1a (rcs-revision 1.2)
)))
(C:\Users\adam.rees\Documents\Programs\MikTex\texmfs\install\tex\generic\pgf\fr
ontendlayer\tikz\libraries\tikzlibrarypositioning.code.tex
File: tikzlibrarypositioning.code.tex 2008/10/06 v3.0.1a (rcs-revision 1.7)
)
(C:\Users\adam.rees\Documents\Programs\MikTex\texmfs\install\tex\latex\tools\ca
lc.sty
Package: calc 2017/05/25 v4.3 Infix arithmetic (KKT,FJ)
\calc@Acount=\count122
\calc@Bcount=\count123
\calc@Adimen=\dimen163
\calc@Bdimen=\dimen164
\calc@Askip=\skip44
\calc@Bskip=\skip45
LaTeX Info: Redefining \setlength on input line 80.
LaTeX Info: Redefining \addtolength on input line 81.
\calc@Ccount=\count124
\calc@Cskip=\skip46
)
\c@@todonotes@numberoftodonotes=\count125
)
(C:\Users\adam.rees\Documents\Programs\MikTex\texmfs\install\tex\latex\float\fl
oat.sty
Package: float 2001/11/08 v1.3d Float enhancements (AL)
\c@float@type=\count126
\float@exts=\toks31
\float@box=\box37
\@float@everytoks=\toks32
\@floatcapt=\box38
)
(C:\Users\adam.rees\Documents\Programs\MikTex\texmfs\install\tex\latex\tools\ar
ray.sty
Package: array 2018/04/30 v2.4h Tabular extension package (FMi)
\col@sep=\dimen165
\ar@mcellbox=\box39
\extrarowheight=\dimen166
\NC@list=\toks33
\extratabsurround=\skip47
\backup@length=\skip48
\ar@cellbox=\box40
)
(C:\Users\adam.rees\Documents\Programs\MikTex\texmfs\install\tex\latex\pdfpages
\pdfpages.sty
Package: pdfpages 2017/10/31 v0.5l Insert pages of external PDF documents (AM)

(C:\Users\adam.rees\Documents\Programs\MikTex\texmfs\install\tex\latex\eso-pic\
eso-pic.sty
Package: eso-pic 2018/04/12 v2.0h eso-pic (RN)
)
\AM@pagewidth=\dimen167
\AM@pageheight=\dimen168

(C:\Users\adam.rees\Documents\Programs\MikTex\texmfs\install\tex\latex\pdfpages
\pppdftex.def
File: pppdftex.def 2017/10/31 v0.5l Pdfpages driver for pdfTeX (AM)
)
\AM@pagebox=\box41
\AM@global@opts=\toks34
\AM@toc@title=\toks35
\c@AM@survey=\count127
\AM@templatesizebox=\box42
)
(C:\Users\adam.rees\Documents\Programs\MikTex\texmfs\install\tex\latex\colortbl
\colortbl.sty
Package: colortbl 2018/05/02 v1.0c Color table columns (DPC)
\everycr=\toks36
\minrowclearance=\skip49
)
(C:\Users\adam.rees\Documents\Programs\MikTex\texmfs\install\tex\latex\fancyhdr
\fancyhdr.sty
Package: fancyhdr 2017/06/30 v3.9a Extensive control of page headers and footer
s
\f@nch@headwidth=\skip50
\f@nch@O@elh=\skip51
\f@nch@O@erh=\skip52
\f@nch@O@olh=\skip53
\f@nch@O@orh=\skip54
\f@nch@O@elf=\skip55
\f@nch@O@erf=\skip56
\f@nch@O@olf=\skip57
\f@nch@O@orf=\skip58
)
(C:\Users\adam.rees\Documents\Programs\MikTex\texmfs\install\tex\latex\hyperref
\nameref.sty
Package: nameref 2016/05/21 v2.44 Cross-referencing by name of section

(C:\Users\adam.rees\Documents\Programs\MikTex\texmfs\install\tex\generic\oberdi
ek\gettitlestring.sty
Package: gettitlestring 2016/05/16 v1.5 Cleanup title references (HO)
)
\c@section@level=\count128
)
(C:\Users\adam.rees\Documents\Programs\MikTex\texmfs\install\tex\latex\chemfig\
chemfig.sty
(C:\Users\adam.rees\Documents\Programs\MikTex\texmfs\install\tex\generic\chemfi
g\chemfig.tex
(C:\Users\adam.rees\Documents\Programs\MikTex\texmfs\install\tex\generic\simple
kv\simplekv.tex)
(C:\Users\adam.rees\Documents\Programs\MikTex\texmfs\install\tex\generic\pgf\li
braries\pgflibraryarrows.meta.code.tex
File: pgflibraryarrows.meta.code.tex 2015/05/13 v3.0.1a (rcs-revision 1.13)
\pgfarrowinset=\dimen169
\pgfarrowlength=\dimen170
\pgfarrowwidth=\dimen171
\pgfarrowlinewidth=\dimen172
)
\CF@cnt@atomingroup=\count129
\CF@cnt@groupnumber=\count130
\CF@cnt@atomnumber=\count131
\CF@cnt@cycle=\count132
\CF@compound@cnt=\count133
\CF@dim=\dimen173
\CF@arrow@size=\dimen174
\CF@lewis@box=\box43
\CF@box@boxa=\box44
\CF@stuff@box=\box45
)
Package: chemfig 2018/04/05 v1.31 Draw molecule with an easy syntax (CT)
)
(C:\Users\adam.rees\Documents\Programs\MikTex\texmfs\install\tex\latex\listings
\listings.sty
\lst@mode=\count134
\lst@gtempboxa=\box46
\lst@token=\toks37
\lst@length=\count135
\lst@currlwidth=\dimen175
\lst@column=\count136
\lst@pos=\count137
\lst@lostspace=\dimen176
\lst@width=\dimen177
\lst@newlines=\count138
\lst@lineno=\count139
\lst@maxwidth=\dimen178

(C:\Users\adam.rees\Documents\Programs\MikTex\texmfs\install\tex\latex\listings
\lstmisc.sty
File: lstmisc.sty 2015/06/04 1.6 (Carsten Heinz)
\c@lstnumber=\count140
\lst@skipnumbers=\count141
\lst@framebox=\box47
)
(C:\Users\adam.rees\Documents\Programs\MikTex\texmfs\install\tex\latex\listings
\listings.cfg
File: listings.cfg 2015/06/04 1.6 listings configuration
))
Package: listings 2015/06/04 1.6 (Carsten Heinz)

(C:\Users\adam.rees\Documents\Programs\MikTex\texmfs\install\tex\latex\listings
\lstlang1.sty
File: lstlang1.sty 2015/06/04 1.6 listings language file
)
(C:\Users\adam.rees\Documents\Programs\MikTex\texmfs\install\tex\latex\listings
\lstlang1.sty
File: lstlang1.sty 2015/06/04 1.6 listings language file
)
(C:\Users\adam.rees\Documents\Programs\MikTex\texmfs\install\tex\latex\framed\f
ramed.sty
Package: framed 2011/10/22 v 0.96: framed or shaded text with page breaks
\OuterFrameSep=\skip59
\fb@frw=\dimen179
\fb@frh=\dimen180
\FrameRule=\dimen181
\FrameSep=\dimen182
)
(C:\Users\adam.rees\Documents\Programs\MikTex\texmfs\install\tex\latex\menukeys
\menukeys.sty
Package: menukeys 2016/08/08 v1.5 -- A package to format menus, paths and short
cuts

(C:\Users\adam.rees\Documents\Programs\MikTex\texmfs\install\tex\latex\l3packag
es\xparse\xparse.sty
(C:\Users\adam.rees\Documents\Programs\MikTex\texmfs\install\tex\latex\l3kernel
\expl3.sty
Package: expl3 2018-06-14 L3 programming layer (loader) 

(C:\Users\adam.rees\Documents\Programs\MikTex\texmfs\install\tex\latex\l3kernel
\expl3-code.tex
Package: expl3 2018-06-14 L3 programming layer (code)
\c_max_int=\count142
\l_tmpa_int=\count143
\l_tmpb_int=\count144
\g_tmpa_int=\count145
\g_tmpb_int=\count146
\g__kernel_prg_map_int=\count147
\c_log_iow=\count148
\l_iow_line_count_int=\count149
\l__iow_line_target_int=\count150
\l__iow_one_indent_int=\count151
\l__iow_indent_int=\count152
\c_zero_dim=\dimen183
\c_max_dim=\dimen184
\l_tmpa_dim=\dimen185
\l_tmpb_dim=\dimen186
\g_tmpa_dim=\dimen187
\g_tmpb_dim=\dimen188
\c_zero_skip=\skip60
\c_max_skip=\skip61
\l_tmpa_skip=\skip62
\l_tmpb_skip=\skip63
\g_tmpa_skip=\skip64
\g_tmpb_skip=\skip65
\c_zero_muskip=\muskip11
\c_max_muskip=\muskip12
\l_tmpa_muskip=\muskip13
\l_tmpb_muskip=\muskip14
\g_tmpa_muskip=\muskip15
\g_tmpb_muskip=\muskip16
\l_keys_choice_int=\count153
\l__intarray_loop_int=\count154
\c__intarray_sp_dim=\dimen189
\g__intarray_font_int=\count155
\c__fp_leading_shift_int=\count156
\c__fp_middle_shift_int=\count157
\c__fp_trailing_shift_int=\count158
\c__fp_big_leading_shift_int=\count159
\c__fp_big_middle_shift_int=\count160
\c__fp_big_trailing_shift_int=\count161
\c__fp_Bigg_leading_shift_int=\count162
\c__fp_Bigg_middle_shift_int=\count163
\c__fp_Bigg_trailing_shift_int=\count164
\c__kernel_randint_max_int=\count165
\g__fp_array_int=\count166
\l__fp_array_loop_int=\count167
\l__sort_length_int=\count168
\l__sort_min_int=\count169
\l__sort_top_int=\count170
\l__sort_max_int=\count171
\l__sort_true_max_int=\count172
\l__sort_block_int=\count173
\l__sort_begin_int=\count174
\l__sort_end_int=\count175
\l__sort_A_int=\count176
\l__sort_B_int=\count177
\l__sort_C_int=\count178
\l__tl_analysis_normal_int=\count179
\l__tl_analysis_index_int=\count180
\l__tl_analysis_nesting_int=\count181
\l__tl_analysis_type_int=\count182
\l__regex_internal_a_int=\count183
\l__regex_internal_b_int=\count184
\l__regex_internal_c_int=\count185
\l__regex_balance_int=\count186
\l__regex_group_level_int=\count187
\l__regex_mode_int=\count188
\c__regex_cs_in_class_mode_int=\count189
\c__regex_cs_mode_int=\count190
\l__regex_catcodes_int=\count191
\l__regex_default_catcodes_int=\count192
\c__regex_catcode_D_int=\count193
\c__regex_catcode_S_int=\count194
\c__regex_catcode_L_int=\count195
\c__regex_catcode_O_int=\count196
\c__regex_catcode_A_int=\count197
\c__regex_all_catcodes_int=\count198
\l__regex_show_lines_int=\count199
\l__regex_min_state_int=\count266
\l__regex_max_state_int=\count267
\l__regex_left_state_int=\count268
\l__regex_right_state_int=\count269
\l__regex_capturing_group_int=\count270
\l__regex_min_pos_int=\count271
\l__regex_max_pos_int=\count272
\l__regex_curr_pos_int=\count273
\l__regex_start_pos_int=\count274
\l__regex_success_pos_int=\count275
\l__regex_curr_char_int=\count276
\l__regex_curr_catcode_int=\count277
\l__regex_last_char_int=\count278
\l__regex_case_changed_char_int=\count279
\l__regex_curr_state_int=\count280
\l__regex_step_int=\count281
\l__regex_min_active_int=\count282
\l__regex_max_active_int=\count283
\l__regex_replacement_csnames_int=\count284
\l__regex_match_count_int=\count285
\l__regex_min_submatch_int=\count286
\l__regex_submatch_int=\count287
\l__regex_zeroth_submatch_int=\count288
\g__regex_trace_regex_int=\count289
\c_empty_box=\box48
\l_tmpa_box=\box49
\l_tmpb_box=\box50
\g_tmpa_box=\box51
\g_tmpb_box=\box52
\l__box_top_dim=\dimen190
\l__box_bottom_dim=\dimen191
\l__box_left_dim=\dimen192
\l__box_right_dim=\dimen193
\l__box_top_new_dim=\dimen194
\l__box_bottom_new_dim=\dimen195
\l__box_left_new_dim=\dimen196
\l__box_right_new_dim=\dimen197
\l__box_internal_box=\box53
\l__coffin_internal_box=\box54
\l__coffin_internal_dim=\dimen198
\l__coffin_offset_x_dim=\dimen199
\l__coffin_offset_y_dim=\dimen256
\l__coffin_x_dim=\dimen257
\l__coffin_y_dim=\dimen258
\l__coffin_x_prime_dim=\dimen259
\l__coffin_y_prime_dim=\dimen260
\c_empty_coffin=\box55
\l__coffin_aligned_coffin=\box56
\l__coffin_aligned_internal_coffin=\box57
\l_tmpa_coffin=\box58
\l_tmpb_coffin=\box59
\l__coffin_display_coffin=\box60
\l__coffin_display_coord_coffin=\box61
\l__coffin_display_pole_coffin=\box62
\l__coffin_display_offset_dim=\dimen261
\l__coffin_display_x_dim=\dimen262
\l__coffin_display_y_dim=\dimen263
\g__file_internal_ior=\read2
\l__coffin_bounding_shift_dim=\dimen264
\l__coffin_left_corner_dim=\dimen265
\l__coffin_right_corner_dim=\dimen266
\l__coffin_bottom_corner_dim=\dimen267
\l__coffin_top_corner_dim=\dimen268
\l__coffin_scaled_total_height_dim=\dimen269
\l__coffin_scaled_width_dim=\dimen270
\l__seq_internal_a_int=\count290
\l__seq_internal_b_int=\count291
)
(C:\Users\adam.rees\Documents\Programs\MikTex\texmfs\install\tex\latex\l3kernel
\l3pdfmode.def
File: l3pdfmode.def 2018-06-14 v L3 Experimental driver: PDF mode
\l__driver_color_stack_int=\count292
))
Package: xparse 2018-05-12 L3 Experimental document command parser
\l__xparse_current_arg_int=\count293
\g__xparse_grabber_int=\count294
\l__xparse_m_args_int=\count295
\l__xparse_mandatory_args_int=\count296
\l__xparse_v_nesting_int=\count297
)
(C:\Users\adam.rees\Documents\Programs\MikTex\texmfs\install\tex\latex\xstring\
xstring.sty
(C:\Users\adam.rees\Documents\Programs\MikTex\texmfs\install\tex\generic\xstrin
g\xstring.tex
\@xs@message=\write4
\integerpart=\count298
\decimalpart=\count299
)
Package: xstring 2013/10/13  v1.7c  String manipulations (C Tellechea)
)
(C:\Users\adam.rees\Documents\Programs\MikTex\texmfs\install\tex\latex\etoolbox
\etoolbox.sty
Package: etoolbox 2018/02/11 v2.5e e-TeX tools for LaTeX (JAW)
\etb@tempcnta=\count300
)
(C:\Users\adam.rees\Documents\Programs\MikTex\texmfs\install\tex\generic\pgf\fr
ontendlayer\tikz\libraries\tikzlibrarycalc.code.tex
File: tikzlibrarycalc.code.tex 2013/07/15 v3.0.1a (rcs-revision 1.9)
)
(C:\Users\adam.rees\Documents\Programs\MikTex\texmfs\install\tex\generic\pgf\fr
ontendlayer\tikz\libraries\tikzlibraryshapes.symbols.code.tex
File: tikzlibraryshapes.symbols.code.tex 2008/01/09 v3.0.1a (rcs-revision 1.1)

(C:\Users\adam.rees\Documents\Programs\MikTex\texmfs\install\tex\generic\pgf\li
braries\shapes\pgflibraryshapes.symbols.code.tex
File: pgflibraryshapes.symbols.code.tex 2013/09/11 v3.0.1a (rcs-revision 1.6)
))
(C:\Users\adam.rees\Documents\Programs\MikTex\texmfs\install\tex\generic\pgf\fr
ontendlayer\tikz\libraries\tikzlibraryshadows.code.tex
File: tikzlibraryshadows.code.tex 2008/01/13 v3.0.1a (rcs-revision 1.3)

(C:\Users\adam.rees\Documents\Programs\MikTex\texmfs\install\tex\generic\pgf\fr
ontendlayer\tikz\libraries\tikzlibraryfadings.code.tex
File: tikzlibraryfadings.code.tex 2009/11/15 v3.0.1a (rcs-revision 1.2)

(C:\Users\adam.rees\Documents\Programs\MikTex\texmfs\install\tex\generic\pgf\li
braries\pgflibraryfadings.code.tex
File: pgflibraryfadings.code.tex 2008/02/07 v3.0.1a (rcs-revision 1.3)
)))
(C:\Users\adam.rees\Documents\Programs\MikTex\texmfs\install\tex\latex\adjustbo
x\adjustbox.sty
Package: adjustbox 2018/04/08 v1.1 Adjusting TeX boxes (trim, clip, ...)

(C:\Users\adam.rees\Documents\Programs\MikTex\texmfs\install\tex\latex\adjustbo
x\adjcalc.sty
Package: adjcalc 2012/05/16 v1.1 Provides advanced setlength with multiple back
-ends (calc, etex, pgfmath)
)
(C:\Users\adam.rees\Documents\Programs\MikTex\texmfs\install\tex\latex\adjustbo
x\trimclip.sty
Package: trimclip 2018/04/08 v1.1 Trim and clip general TeX material

(C:\Users\adam.rees\Documents\Programs\MikTex\texmfs\install\tex\latex\collectb
ox\collectbox.sty
Package: collectbox 2012/05/17 v0.4b Collect macro arguments as boxes
\collectedbox=\box63
)
\tc@llx=\dimen271
\tc@lly=\dimen272
\tc@urx=\dimen273
\tc@ury=\dimen274
Package trimclip Info: Using driver 'tc-pdftex.def'.

(C:\Users\adam.rees\Documents\Programs\MikTex\texmfs\install\tex\latex\adjustbo
x\tc-pdftex.def
File: tc-pdftex.def 2018/04/08 v2.1 Clipping driver for pdftex
))
\adjbox@Width=\dimen275
\adjbox@Height=\dimen276
\adjbox@Depth=\dimen277
\adjbox@Totalheight=\dimen278
\adjbox@pwidth=\dimen279
\adjbox@pheight=\dimen280
\adjbox@pdepth=\dimen281
\adjbox@ptotalheight=\dimen282

(C:\Users\adam.rees\Documents\Programs\MikTex\texmfs\install\tex\latex\ifoddpag
e\ifoddpage.sty
Package: ifoddpage 2016/04/23 v1.1 Conditionals for odd/even page detection
\c@checkoddpage=\count301
)
(C:\Users\adam.rees\Documents\Programs\MikTex\texmfs\install\tex\latex\varwidth
\varwidth.sty
Package: varwidth 2009/03/30 ver 0.92;  Variable-width minipages
\@vwid@box=\box64
\sift@deathcycles=\count302
\@vwid@loff=\dimen283
\@vwid@roff=\dimen284
))
(C:\Users\adam.rees\Documents\Programs\MikTex\texmfs\install\tex\latex\relsize\
relsize.sty
Package: relsize 2013/03/29 ver 4.1
)
(C:\Users\adam.rees\Documents\Programs\MikTex\texmfs\install\tex\latex\catoptio
ns\catoptions.sty
\m@one=\count303
\z@pt=\dimen285
Package: catoptions 2014/08/29 v0.2.7h Securing catcodes and parsing options (A
M)
\cpt@csvdepth=\count304
\cpt@optdepth=\count305
\cpt@cnta=\count306
\indrisdepth=\count307
\cpt@foreachdepth=\count308
\cpt@exprcnt=\count309
)
.................................................
. LaTeX info: "xparse/define-command"
. 
. Defining command \tw@mk@gobble@args with sig. 'm' on line 50.
.................................................
.................................................
. LaTeX info: "xparse/define-command"
. 
. Defining command \newmenucolortheme with sig. ' m m m m m O{##3} O{##4}
. O{##5} ' on line 97.
.................................................
.................................................
. LaTeX info: "xparse/define-command"
. 
. Defining command \renewmenucolortheme with sig. ' m m m m m O{##3} O{##4}
. O{##5} ' on line 100.
.................................................
.................................................
. LaTeX info: "xparse/define-command"
. 
. Defining command \tw@declare@style@simple with sig. 's m O{\tw@default@pre }
. m O{\tw@default@sep } O{\tw@default@post } m ' on line 170.
.................................................
.................................................
. LaTeX info: "xparse/define-command"
. 
. Defining command \tw@declare@sytle@extra@args with sig. 'O{\tw@default@post
. } m ' on line 176.
.................................................
.................................................
. LaTeX info: "xparse/define-command"
. 
. Defining command \tw@declare@style with sig. 's m O{\tw@default@pre } m
. O{\tw@default@sep } m m m ' on line 203.
.................................................
.................................................
. LaTeX info: "xparse/define-command"
. 
. Defining command \newmenustylesimple with sig. 's m' on line 216.
.................................................
.................................................
. LaTeX info: "xparse/define-command"
. 
. Defining command \renewmenustylesimple with sig. 's m' on line 223.
.................................................
.................................................
. LaTeX info: "xparse/define-command"
. 
. Defining command \providemenustylesimple with sig. 's m' on line 237.
.................................................
.................................................
. LaTeX info: "xparse/define-command"
. 
. Defining command \newmenustyle with sig. 's m' on line 251.
.................................................
.................................................
. LaTeX info: "xparse/define-command"
. 
. Defining command \renewmenustyle with sig. 's m' on line 258.
.................................................
.................................................
. LaTeX info: "xparse/define-command"
. 
. Defining command \providemenustyle with sig. 's m' on line 272.
.................................................
.................................................
. LaTeX info: "xparse/define-command"
. 
. Defining command \changemenuelement with sig. 's m m m' on line 310.
.................................................
\c@tw@hyphen@char@num=\count310
.................................................
. LaTeX info: "xparse/define-command"
. 
. Defining command \drawtikzfolder with sig. 'O{white} O{black}' on line 566.
.................................................
.................................................
. LaTeX info: "xparse/define-command"
. 
. Defining command \tw@define@menu@macro with sig. 'm O{\tw@default@input@sep
. } m ' on line 640.
.................................................
.................................................
. LaTeX info: "xparse/define-command"
. 
. Defining command \newmenumacro with sig. 'm O{\tw@default@input@sep } m' on
. line 650.
.................................................
.................................................
. LaTeX info: "xparse/define-command"
. 
. Defining command \renewmenumacro with sig. 'm O{\tw@default@input@sep } m'
. on line 654.
.................................................
.................................................
. LaTeX info: "xparse/define-command"
. 
. Defining command \providemenumacro with sig. 'm O{\tw@default@input@sep } m'
. on line 662.
.................................................
.................................................
. LaTeX info: "xparse/define-command"
. 
. Defining command \tw@make@key@box with sig. 'm m' on line 673.
.................................................
.................................................
. LaTeX info: "xparse/define-command"
. 
. Defining command \tw@make@key@macro with sig. 's m' on line 698.
.................................................
)
(C:\Users\adam.rees\Documents\Programs\MikTex\texmfs\install\tex\latex\draftwat
ermark\draftwatermark.sty
Package: draftwatermark 2015/02/19 1.2 Put a gray textual watermark on document
 pages

(C:\Users\adam.rees\Documents\Programs\MikTex\texmfs\install\tex\latex\everypag
e\everypage.sty
Package: everypage 2007/06/20 1.1 Hooks to run on every page
)
\sc@wm@hcenter=\skip66
\sc@wm@vcenter=\skip67
\sc@wm@fontsize=\skip68
)
(C:\Users\adam.rees\Documents\Programs\MikTex\texmfs\install\tex\generic\pgf\fr
ontendlayer\tikz\libraries\tikzlibrarydecorations.markings.code.tex
(C:\Users\adam.rees\Documents\Programs\MikTex\texmfs\install\tex\generic\pgf\fr
ontendlayer\tikz\libraries\tikzlibrarydecorations.code.tex
(C:\Users\adam.rees\Documents\Programs\MikTex\texmfs\install\tex\generic\pgf\mo
dules\pgfmoduledecorations.code.tex
\pgfdecoratedcompleteddistance=\dimen286
\pgfdecoratedremainingdistance=\dimen287
\pgfdecoratedinputsegmentcompleteddistance=\dimen288
\pgfdecoratedinputsegmentremainingdistance=\dimen289
\pgf@decorate@distancetomove=\dimen290
\pgf@decorate@repeatstate=\count311
\pgfdecorationsegmentamplitude=\dimen291
\pgfdecorationsegmentlength=\dimen292
)
\tikz@lib@dec@box=\box65
)
(C:\Users\adam.rees\Documents\Programs\MikTex\texmfs\install\tex\generic\pgf\li
braries\decorations\pgflibrarydecorations.markings.code.tex))
\c@leafs=\count312
)
("Server Set ups.aux")
\openout1 = `"Server Set ups.aux"'.

LaTeX Font Info:    Checking defaults for OML/cmm/m/it on input line 5.
LaTeX Font Info:    ... okay on input line 5.
LaTeX Font Info:    Checking defaults for T1/cmr/m/n on input line 5.
LaTeX Font Info:    ... okay on input line 5.
LaTeX Font Info:    Checking defaults for OT1/cmr/m/n on input line 5.
LaTeX Font Info:    ... okay on input line 5.
LaTeX Font Info:    Checking defaults for OMS/cmsy/m/n on input line 5.
LaTeX Font Info:    ... okay on input line 5.
LaTeX Font Info:    Checking defaults for OMX/cmex/m/n on input line 5.
LaTeX Font Info:    ... okay on input line 5.
LaTeX Font Info:    Checking defaults for U/cmr/m/n on input line 5.
LaTeX Font Info:    ... okay on input line 5.
LaTeX Font Info:    Checking defaults for PD1/pdf/m/n on input line 5.
LaTeX Font Info:    ... okay on input line 5.

(C:\Users\adam.rees\Documents\Programs\MikTex\texmfs\install\tex\context\base\s
upp-pdf.mkii
[Loading MPS to PDF converter (version 2006.09.02).]
\scratchcounter=\count313
\scratchdimen=\dimen293
\scratchbox=\box66
\nofMPsegments=\count314
\nofMParguments=\count315
\everyMPshowfont=\toks38
\MPscratchCnt=\count316
\MPscratchDim=\dimen294
\MPnumerator=\count317
\makeMPintoPDFobject=\count318
\everyMPtoPDFconversion=\toks39
)
(C:\Users\adam.rees\Documents\Programs\MikTex\texmfs\install\tex\latex\oberdiek
\epstopdf-base.sty
Package: epstopdf-base 2016/05/15 v2.6 Base part for package epstopdf

(C:\Users\adam.rees\Documents\Programs\MikTex\texmfs\install\tex\latex\oberdiek
\grfext.sty
Package: grfext 2016/05/16 v1.2 Manage graphics extensions (HO)
)
Package epstopdf-base Info: Redefining graphics rule for `.eps' on input line 4
38.
Package grfext Info: Graphics extension search list:
(grfext)             [.pdf,.png,.jpg,.mps,.jpeg,.jbig2,.jb2,.PDF,.PNG,.JPG,.JPE
G,.JBIG2,.JB2,.eps]
(grfext)             \AppendGraphicsExtensions on input line 456.
)
*geometry* driver: auto-detecting
*geometry* detected driver: pdftex
*geometry* verbose mode - [ preamble ] result:
* driver: pdftex
* paper: a4paper
* layout: <same size as paper>
* layoutoffset:(h,v)=(0.0pt,0.0pt)
* modes: 
* h-part:(L,W,R)=(56.9055pt, 483.69687pt, 56.9055pt)
* v-part:(T,H,B)=(71.13188pt, 717.00946pt, 56.9055pt)
* \paperwidth=597.50787pt
* \paperheight=845.04684pt
* \textwidth=483.69687pt
* \textheight=717.00946pt
* \oddsidemargin=-15.36449pt
* \evensidemargin=-15.36449pt
* \topmargin=-38.1381pt
* \headheight=14.0pt
* \headsep=25.0pt
* \topskip=11.0pt
* \footskip=30.0pt
* \marginparwidth=50.0pt
* \marginparsep=10.0pt
* \columnsep=10.0pt
* \skip\footins=10.0pt plus 4.0pt minus 2.0pt
* \hoffset=0.0pt
* \voffset=0.0pt
* \mag=1000
* \@twocolumnfalse
* \@twosidefalse
* \@mparswitchfalse
* \@reversemarginfalse
* (1in=72.27pt=25.4mm, 1cm=28.453pt)

\AtBeginShipoutBox=\box67
Package hyperref Info: Link coloring OFF on input line 5.
LaTeX Info: Redefining \ref on input line 5.
LaTeX Info: Redefining \pageref on input line 5.
LaTeX Info: Redefining \nameref on input line 5.
("Server Set ups.out") ("Server Set ups.out")
\@outlinefile=\write5
\openout5 = `"Server Set ups.out"'.


ABD: EveryShipout initializing macros

Package todonotes Warning: The length marginparwidth is less than 2cm and will 
most likely cause issues with the appearance of inserted todonotes. The issue c
an be solved by adding a line like \setlength {\marginparwidth }{2cm} prior to 
loading the todonotes package. on input line 5.


(C:\Users\adam.rees\Documents\Programs\MikTex\texmfs\install\tex\latex\oberdiek
\pdflscape.sty
Package: pdflscape 2016/05/14 v0.11 Display of landscape pages in PDF (HO)

(C:\Users\adam.rees\Documents\Programs\MikTex\texmfs\install\tex\latex\graphics
\lscape.sty
Package: lscape 2000/10/22 v3.01 Landscape Pages (DPC)
)
Package pdflscape Info: Auto-detected driver: pdftex on input line 81.
)
\c@lstlisting=\count319
 (supportfiles/front_matter.tex

LaTeX Font Warning: Font shape `OT1/cmr/bx/sc' undefined
(Font)              using `OT1/cmr/bx/n' instead on input line 7.

LaTeX Font Info:    Try loading font information for U+msa on input line 17.

(C:\Users\adam.rees\Documents\Programs\MikTex\texmfs\install\tex\latex\amsfonts
\umsa.fd
File: umsa.fd 2013/01/14 v3.01 AMS symbols A
)
LaTeX Font Info:    Try loading font information for U+msb on input line 17.

(C:\Users\adam.rees\Documents\Programs\MikTex\texmfs\install\tex\latex\amsfonts
\umsb.fd
File: umsb.fd 2013/01/14 v3.01 AMS symbols B
)

LaTeX Font Warning: Font shape `OT1/cmr/m/n' in size <142.26378> not available
(Font)              size <24.88> substituted on input line 20.

[1{C:/Users/adam.rees/Documents/Programs/MikTex/texmfs/data/pdftex/config/pdfte
x.map}

] [1] ("Server Set ups.toc" [2

] [3] [4] [5])
\tf@toc=\write6
\openout6 = `"Server Set ups.toc"'.

 [6] ("Server Set ups.lot")
\tf@lot=\write7
\openout7 = `"Server Set ups.lot"'.


[7

] ("Server Set ups.lof")
\tf@lof=\write8
\openout8 = `"Server Set ups.lof"'.

) [8

] [9

] (chapters/basic.tex
Chapter 1.
Package hyperref Info: bookmark level for unknown todo defaults to 0 on input l
ine 6.
[1

pdfTeX warning (ext4): destination with the same identifier (name{table.1.1}) h
as been already used, duplicate ignored

\AtBegShi@Output ...ipout \box \AtBeginShipoutBox 
                                                  \fi \fi 
l.55 \end{lstlisting}
                     ] [2pdfTeX warning (ext4): destination with the same ident
ifier (name{table.1.2}) has been already used, duplicate ignored

\AtBegShi@Output ...ipout \box \AtBeginShipoutBox 
                                                  \fi \fi 
l.145 F
       or the brits a nice speech pack is the British 16 bit voice, you can ...
pdfTeX warning (ext4): destination with the same identifier (name{table.1.3}) h
as been already used, duplicate ignored

\AtBegShi@Output ...ipout \box \AtBeginShipoutBox 
                                                  \fi \fi 
l.145 F
       or the brits a nice speech pack is the British 16 bit voice, you can ...
pdfTeX warning (ext4): destination with the same identifier (name{table.1.4}) h
as been already used, duplicate ignored

\AtBegShi@Output ...ipout \box \AtBeginShipoutBox 
                                                  \fi \fi 
l.145 F
       or the brits a nice speech pack is the British 16 bit voice, you can ...
]
Overfull \hbox (10.69028pt too wide) in paragraph at lines 175--175
[]\OT1/cmtt/m/n/10.95 (Parameter.set 'Audio_Command "aplay -q -c 1 -t raw -f s1
6 -r $(($SR*100/100)) $FILE")[] 
 []

LaTeX Font Info:    Try loading font information for OMS+cmr on input line 182.


(C:\Users\adam.rees\Documents\Programs\MikTex\texmfs\install\tex\latex\base\oms
cmr.fd
File: omscmr.fd 2014/09/29 v2.5h Standard LaTeX font definitions
)
LaTeX Font Info:    Font shape `OMS/cmr/m/n' in size <10.95> not available
(Font)              Font shape `OMS/cmsy/m/n' tried instead on input line 182.
<./supportfiles/point.jpg, id=1037, 648.92438pt x 493.845pt>
File: ./supportfiles/point.jpg Graphic file (type jpg)
<use ./supportfiles/point.jpg>
Package pdftex.def Info: ./supportfiles/point.jpg  used on input line 233.
(pdftex.def)             Requested size: 130.59859pt x 99.38515pt.
 [3] [4pdfTeX warning (ext4): destination with the same identifier (name{table.
1.5}) has been already used, duplicate ignored

\AtBegShi@Output ...ipout \box \AtBeginShipoutBox 
                                                  \fi \fi 
l.318 \section
              {Grep}pdfTeX warning (ext4): destination with the same identifier
 (name{table.1.6}) has been already used, duplicate ignored

\AtBegShi@Output ...ipout \box \AtBeginShipoutBox 
                                                  \fi \fi 
l.318 \section
              {Grep} <./supportfiles/point.jpg>] [5pdfTeX warning (ext4): desti
nation with the same identifier (name{table.1.7}) has been already used, duplic
ate ignored

\AtBegShi@Output ...ipout \box \AtBeginShipoutBox 
                                                  \fi \fi 
l.378 find 
           / -name 'FILE.EXT'pdfTeX warning (ext4): destination with the same i
dentifier (name{table.1.8}) has been already used, duplicate ignored

\AtBegShi@Output ...ipout \box \AtBeginShipoutBox 
                                                  \fi \fi 
l.378 find 
           / -name 'FILE.EXT'] [6pdfTeX warning (ext4): destination with the sa
me identifier (name{table.1.9}) has been already used, duplicate ignored

\AtBegShi@Output ...ipout \box \AtBeginShipoutBox 
                                                  \fi \fi 
l.459 \begin{lstlisting}
                        pdfTeX warning (ext4): destination with the same identi
fier (name{table.1.10}) has been already used, duplicate ignored

\AtBegShi@Output ...ipout \box \AtBeginShipoutBox 
                                                  \fi \fi 
l.459 \begin{lstlisting}
                        ] [7pdfTeX warning (ext4): destination with the same id
entifier (name{table.1.11}) has been already used, duplicate ignored

\AtBegShi@Output ...ipout \box \AtBeginShipoutBox 
                                                  \fi \fi 
l.538 \begin{lstlisting}
                        ] [8pdfTeX warning (ext4): destination with the same id
entifier (name{table.1.12}) has been already used, duplicate ignored

\AtBegShi@Output ...ipout \box \AtBeginShipoutBox 
                                                  \fi \fi 
l.620 \end{lstlisting}
                      ]
LaTeX Font Info:    Try loading font information for OML+cmr on input line 684.


(C:\Users\adam.rees\Documents\Programs\MikTex\texmfs\install\tex\latex\base\oml
cmr.fd
File: omlcmr.fd 2014/09/29 v2.5h Standard LaTeX font definitions
)
LaTeX Font Info:    Font shape `OML/cmr/m/n' in size <10.95> not available
(Font)              Font shape `OML/cmm/m/it' tried instead on input line 684.
 [9]) (chapters/advanced_basics.tex [10]
Chapter 2.
[11

] [12] [13] [14pdfTeX warning (ext4): destination with the same identifier (nam
e{table.2.1}) has been already used, duplicate ignored

\AtBegShi@Output ...ipout \box \AtBeginShipoutBox 
                                                  \fi \fi 
l.253 N
       avigate to;]
File: ./supportfiles/point.jpg Graphic file (type jpg)
<use ./supportfiles/point.jpg>
Package pdftex.def Info: ./supportfiles/point.jpg  used on input line 287.
(pdftex.def)             Requested size: 130.59859pt x 99.38515pt.
) (chapters/messages.tex [15]
Chapter 3.
File: ./supportfiles/point.jpg Graphic file (type jpg)
<use ./supportfiles/point.jpg>
Package pdftex.def Info: ./supportfiles/point.jpg  used on input line 55.
(pdftex.def)             Requested size: 130.59859pt x 99.38515pt.
[16

]) (chapters/security.tex [17]
Chapter 4.
[18

]
Overfull \hbox (147.34343pt too wide) in paragraph at lines 40--44
[]$\OT1/cmtt/m/n/10.95 fail2ban . org / wiki / index . php / Main _ Page$[] []$
www . linux-[]magazine . com / Online / Features / Intrusion-[]Detection-[]with
-[]fail2ban$[]
 []

<./supportfiles/iftop.png, id=1321, 946.28531pt x 732.48656pt>
File: ./supportfiles/iftop.png Graphic file (type png)
<use ./supportfiles/iftop.png>
Package pdftex.def Info: ./supportfiles/iftop.png  used on input line 110.
(pdftex.def)             Requested size: 331.20482pt x 256.37413pt.
<./supportfiles/nethogs.png, id=1322, 463.7325pt x 298.11375pt>
File: ./supportfiles/nethogs.png Graphic file (type png)
<use ./supportfiles/nethogs.png>
Package pdftex.def Info: ./supportfiles/nethogs.png  used on input line 123.
(pdftex.def)             Requested size: 347.79851pt x 223.58476pt.
[19] [20pdfTeX warning (ext4): destination with the same identifier (name{table
.4.1}) has been already used, duplicate ignored

\AtBegShi@Output ...ipout \box \AtBeginShipoutBox 
                                                  \fi \fi 
l.135 b
       mon is used to display graphically the total bps (bytes per second) a...
pdfTeX warning (ext4): destination with the same identifier (name{figure.4.1}) 
has been already used, duplicate ignored

\AtBegShi@Output ...ipout \box \AtBeginShipoutBox 
                                                  \fi \fi 
l.135 b
       mon is used to display graphically the total bps (bytes per second) a...
pdfTeX warning (ext4): destination with the same identifier (name{figure.4.2}) 
has been already used, duplicate ignored

\AtBegShi@Output ...ipout \box \AtBeginShipoutBox 
                                                  \fi \fi 
l.135 b
       mon is used to display graphically the total bps (bytes per second) a...
 <./supportfiles/iftop.png> <./supportfiles/nethogs.png>]
<./supportfiles/bmon.png, id=1343, 949.29657pt x 726.46407pt>
File: ./supportfiles/bmon.png Graphic file (type png)
<use ./supportfiles/bmon.png>
Package pdftex.def Info: ./supportfiles/bmon.png  used on input line 139.
(pdftex.def)             Requested size: 332.25877pt x 254.26624pt.
<./supportfiles/vnstat.png, id=1344, 500.62032pt x 297.36093pt>
File: ./supportfiles/vnstat.png Graphic file (type png)
<use ./supportfiles/vnstat.png>
Package pdftex.def Info: ./supportfiles/vnstat.png  used on input line 152.
(pdftex.def)             Requested size: 375.46431pt x 223.02014pt.
 [21pdfTeX warning (ext4): destination with the same identifier (name{figure.4.
3}) has been already used, duplicate ignored

\AtBegShi@Output ...ipout \box \AtBeginShipoutBox 
                                                  \fi \fi 
l.161 \end{lstlisting}
                      pdfTeX warning (ext4): destination with the same identifi
er (name{figure.4.4}) has been already used, duplicate ignored

\AtBegShi@Output ...ipout \box \AtBeginShipoutBox 
                                                  \fi \fi 
l.161 \end{lstlisting}
                       <./supportfiles/bmon.png> <./supportfiles/vnstat.png>]
<./supportfiles/speedometer.png, id=1352, 952.30782pt x 727.96968pt>
File: ./supportfiles/speedometer.png Graphic file (type png)
<use ./supportfiles/speedometer.png>
Package pdftex.def Info: ./supportfiles/speedometer.png  used on input line 165
.
(pdftex.def)             Requested size: 333.31273pt x 254.7932pt.
)
(chapters/ssh.tex [22pdfTeX warning (ext4): destination with the same identifie
r (name{figure.4.5}) has been already used, duplicate ignored

\AtBegShi@Output ...ipout \box \AtBeginShipoutBox 
                                                  \fi \fi 
l.1 \chapter
            {SSH Server with Public-Private key Authentication} <./supportfiles
/speedometer.png>] [23pdfTeX warning (ext4): destination with the same identifi
er (name{table.4.2}) has been already used, duplicate ignored

\AtBegShi@Output ...ipout \box \AtBeginShipoutBox 
                                                  \fi \fi 
l.1 \chapter
            {SSH Server with Public-Private key Authentication}]
Chapter 5.
[24

] [25] [26] [27]
<./supportfiles/putty1.png, id=1426, 492.33937pt x 338.01282pt>
File: ./supportfiles/putty1.png Graphic file (type png)
<use ./supportfiles/putty1.png>
Package pdftex.def Info: ./supportfiles/putty1.png  used on input line 254.
(pdftex.def)             Requested size: 443.10132pt x 304.20871pt.
 [28pdfTeX warning (ext4): destination with the same identifier (name{figure.5.
1}) has been already used, duplicate ignored

\AtBegShi@Output ...ipout \box \AtBeginShipoutBox 
                                                  \fi \fi 
l.270 O
       n the remote machine, change a line in the sshd$\_$config file to read; 
<./supportfiles/putty1.png>]) (chapters/vm.tex [29]
Chapter 6.
) [30

] [31

] (chapters/serverNamingScheme.tex
Chapter 7.
) (chapters/hardware.tex [32

pdfTeX warning (ext4): destination with the same identifier (name{table.7.1}) h
as been already used, duplicate ignored

\AtBegShi@Output ...ipout \box \AtBeginShipoutBox 
                                                  \fi \fi 
l.1 \chapter
            {Hard-drives}pdfTeX warning (ext4): destination with the same ident
ifier (name{table.7.2}) has been already used, duplicate ignored

\AtBegShi@Output ...ipout \box \AtBeginShipoutBox 
                                                  \fi \fi 
l.1 \chapter
            {Hard-drives}] [33pdfTeX warning (ext4): destination with the same 
identifier (name{table.7.3}) has been already used, duplicate ignored

\AtBegShi@Output ...ipout \box \AtBeginShipoutBox 
                                                  \fi \fi 
l.1 \chapter
            {Hard-drives}]
Chapter 8.
[34

pdfTeX warning (ext4): destination with the same identifier (name{table.8.1}) h
as been already used, duplicate ignored

\AtBegShi@Output ...ipout \box \AtBeginShipoutBox 
                                                  \fi \fi 
l.71 \begin{verbatim}
                     ] [35]) [36] [37

] (chapters/multi.tex
Chapter 9.
[38

pdfTeX warning (ext4): destination with the same identifier (name{table.9.1}) h
as been already used, duplicate ignored

\AtBegShi@Output ...ipout \box \AtBeginShipoutBox 
                                                  \fi \fi 
l.63 \end{verbatim}
                   ] [39pdfTeX warning (ext4): destination with the same identi
fier (name{table.9.2}) has been already used, duplicate ignored

\AtBegShi@Output ...ipout \box \AtBeginShipoutBox 
                                                  \fi \fi 
l.88 \chapter
             {Multiple User Security}]
Chapter 10.
[40

] [41pdfTeX warning (ext4): destination with the same identifier (name{table.10
.1}) has been already used, duplicate ignored

\AtBegShi@Output ...ipout \box \AtBeginShipoutBox 
                                                  \fi \fi 
l.191 \chapter
              {User Management}]
Chapter 11.
[42

] [43]) [44] [45

] (chapters/bashbasics.tex
Chapter 12.
[46

]
Chapter 13.
) [47

] [48

] (chapters/ftp.tex
Chapter 14.
[49

]) (chapters/apache.tex [50]
Chapter 15.
[51

]
Overfull \hbox (29.26947pt too wide) in paragraph at lines 95--96
\OT1/cmr/m/n/10.95 Install apache2 un-der a dif-fer-ent user and group to any o
ther ser-vice. Sim-ply check the $\OML/cmm/m/it/10.95 =etc=apache\OT1/cmr/m/n/1
0.95 2\OML/cmm/m/it/10.95 =envvars$
 []

) (chapters/mysql.tex
Overfull \hbox (265.13779pt too wide) in paragraph at lines 127--1
[][]$\OT1/cmtt/m/n/10.95 https : / / www . digitalocean . com / community / tut
orials / how-[]to-[]set-[]up-[]multiple-[]ssl-[]certificates-[]on-[]one-[]ip-[]
with-[]apache-[]on-[]ubuntu-[]12-[]04$[]
 []


Underfull \hbox (badness 10000) in paragraph at lines 127--1

 []

[52]
Chapter 16.

Package hyperref Warning: Difference (2) between bookmark levels is greater 
(hyperref)                than one, level fixed on input line 19.

[53

pdfTeX warning (ext4): destination with the same identifier (name{table.16.1}) 
has been already used, duplicate ignored

\AtBegShi@Output ...ipout \box \AtBeginShipoutBox 
                                                  \fi \fi 
l.56 \begin{lstlisting}
                       ]) (chapters/phpbb.tex [54]
Chapter 17.
) (chapters/samba.tex [55

]
Chapter 18.
) (chapters/mailserver.tex [56

]
Chapter 19.
(supportfiles/mail_diag.tex)) (chapters/openproject.tex
Underfull \hbox (badness 10000) in paragraph at lines 33--1

 []

[57

pdfTeX warning (ext4): destination with the same identifier (name{figure.19.1})
 has been already used, duplicate ignored

\AtBegShi@Output ...ipout \box \AtBeginShipoutBox 
                                                  \fi \fi 
l.1 \chapter
            {Open Project}pdfTeX warning (ext4): destination with the same iden
tifier (name{table.19.1}) has been already used, duplicate ignored

\AtBegShi@Output ...ipout \box \AtBeginShipoutBox 
                                                  \fi \fi 
l.1 \chapter
            {Open Project}]
Chapter 20.
<./supportfiles/openproject.png, id=1777, 963.6pt x 639.38875pt>
File: ./supportfiles/openproject.png Graphic file (type png)
<use ./supportfiles/openproject.png>
Package pdftex.def Info: ./supportfiles/openproject.png  used on input line 6.
(pdftex.def)             Requested size: 433.616pt x 287.72227pt.
) (chapters/mediagoblin.tex [58

pdfTeX warning (ext4): destination with the same identifier (name{figure.20.1})
 has been already used, duplicate ignored

\AtBegShi@Output ...ipout \box \AtBeginShipoutBox 
                                                  \fi \fi 
l.1 \chapter
            {Media Goblin} <./supportfiles/openproject.png>]
Chapter 21.
) (chapters/zm.tex [59

]
Chapter 22.
) (chapters/partkeepr.tex [60

]
Chapter 23.
) [61

] [62

] (chapters/teamspeak.tex
Chapter 24.

Underfull \hbox (badness 10000) in paragraph at lines 22--25

 []

) (chapters/minecraft.tex [63

]
Chapter 25.
[64

]) (chapters/simutrans.tex [65] [66pdfTeX warning (ext4): destination with the 
same identifier (name{table.25.1}) has been already used, duplicate ignored

\AtBegShi@Output ...ipout \box \AtBeginShipoutBox 
                                                  \fi \fi 
l.1 \chapter
            {Simutrans Server - \textit{INCOMPLETE}}]
Chapter 26.
) [67

] [68

] (chapters/uninstallbasics.tex
Chapter 27.

LaTeX Warning: Reference `sec:subaccess' on page 69 undefined on input line 23.


) [69

] [70

] (chapters/empire.tex
Appendix A.
) (chapters/bashwmctrl.tex [71

]
Appendix B.
) (chapters/mailconfig.tex [72

]
Appendix C.
LaTeX Font Info:    Font shape `OML/cmr/m/it' in size <10.95> not available
(Font)              Font shape `OML/cmm/m/it' tried instead on input line 7.
) (chapters/fail2banLocal.tex [73

]
Appendix D.
) (chapters/fail2banRule.tex [74

]
Appendix E.
) (chapters/uniqueWordList.tex [75

]
Appendix F.
[76

] [77] [78]) [79]
Package atveryend Info: Empty hook `BeforeClearDocument' on input line 72.
Package atveryend Info: Empty hook `AfterLastShipout' on input line 72.
 ("Server Set ups.aux")
Package atveryend Info: Executing hook `AtVeryEndDocument' on input line 72.
Package atveryend Info: Executing hook `AtEndAfterFileList' on input line 72.
Package rerunfilecheck Info: File `"Server Set ups".out' has not changed.
(rerunfilecheck)             Checksum: 922832B428159DF16CA7F7C85405D652;11526.


LaTeX Font Warning: Size substitutions with differences
(Font)              up to 117.38377pt have occurred.


LaTeX Font Warning: Some font shapes were not available, defaults substituted.


LaTeX Warning: There were undefined references.

Package atveryend Info: Empty hook `AtVeryVeryEnd' on input line 72.
 ) 
Here is how much of TeX's memory you used:
 34709 strings out of 494809
 656392 string characters out of 3174332
 1090872 words of memory out of 3000000
 36845 multiletter control sequences out of 15000+200000
 548238 words of font info for 82 fonts, out of 3000000 for 9000
 36 hyphenation exceptions out of 8191
 64i,16n,97p,1746b,1768s stack positions out of 5000i,500n,10000p,200000b,50000s
<C:/Users/adam.rees/Documents/Programs/MikTex/texmfs/install/fonts/type1/publ
ic/amsfonts/cm/cmbx10.pfb><C:/Users/adam.rees/Documents/Programs/MikTex/texmfs/
install/fonts/type1/public/amsfonts/cm/cmbx12.pfb><C:/Users/adam.rees/Documents
/Programs/MikTex/texmfs/install/fonts/type1/public/amsfonts/cm/cmbxti10.pfb><C:
/Users/adam.rees/Documents/Programs/MikTex/texmfs/install/fonts/type1/public/am
sfonts/cm/cmcsc10.pfb><C:/Users/adam.rees/Documents/Programs/MikTex/texmfs/inst
all/fonts/type1/public/amsfonts/cm/cmitt10.pfb><C:/Users/adam.rees/Documents/Pr
ograms/MikTex/texmfs/install/fonts/type1/public/amsfonts/cm/cmmi10.pfb><C:/User
s/adam.rees/Documents/Programs/MikTex/texmfs/install/fonts/type1/public/amsfont
s/cm/cmmi8.pfb><C:/Users/adam.rees/Documents/Programs/MikTex/texmfs/install/fon
ts/type1/public/amsfonts/cm/cmr10.pfb><C:/Users/adam.rees/Documents/Programs/Mi
kTex/texmfs/install/fonts/type1/public/amsfonts/cm/cmr12.pfb><C:/Users/adam.ree
s/Documents/Programs/MikTex/texmfs/install/fonts/type1/public/amsfonts/cm/cmr17
.pfb><C:/Users/adam.rees/Documents/Programs/MikTex/texmfs/install/fonts/type1/p
ublic/amsfonts/cm/cmr6.pfb><C:/Users/adam.rees/Documents/Programs/MikTex/texmfs
/install/fonts/type1/public/amsfonts/cm/cmr8.pfb><C:/Users/adam.rees/Documents/
Programs/MikTex/texmfs/install/fonts/type1/public/amsfonts/cm/cmr9.pfb><C:/User
s/adam.rees/Documents/Programs/MikTex/texmfs/install/fonts/type1/public/amsfont
s/cm/cmsl12.pfb><C:/Users/adam.rees/Documents/Programs/MikTex/texmfs/install/fo
nts/type1/public/amsfonts/cm/cmss8.pfb><C:/Users/adam.rees/Documents/Programs/M
ikTex/texmfs/install/fonts/type1/public/amsfonts/cm/cmss9.pfb><C:/Users/adam.re
es/Documents/Programs/MikTex/texmfs/install/fonts/type1/public/amsfonts/cm/cmsy
10.pfb><C:/Users/adam.rees/Documents/Programs/MikTex/texmfs/install/fonts/type1
/public/amsfonts/cm/cmti10.pfb><C:/Users/adam.rees/Documents/Programs/MikTex/te
xmfs/install/fonts/type1/public/amsfonts/cm/cmti12.pfb><C:/Users/adam.rees/Docu
ments/Programs/MikTex/texmfs/install/fonts/type1/public/amsfonts/cm/cmtt10.pfb>
<C:/Users/adam.rees/Documents/Programs/MikTex/texmfs/install/fonts/type1/public
/amsfonts/cm/cmtt9.pfb>
Output written on "Server Set ups.pdf" (89 pages, 1196148 bytes).
PDF statistics:
 2323 PDF objects out of 2487 (max. 8388607)
 918 named destinations out of 1000 (max. 500000)
 1517 words of extra memory for PDF output out of 10000 (max. 10000000)

